android/app/build/intermediates/aapt_proguard_file/release/processReleaseResources/aapt_rules.txt
-keep class android.app.Application { <init>(); }
-keep class androidx.core.app.CoreComponentFactory { <init>(); }
-keep class androidx.profileinstaller.ProfileInstallReceiver { <init>(); }
-keep class androidx.startup.InitializationProvider { <init>(); }
-keep class com.google.android.gms.metadata.ModuleDependencies { <init>(); }
-keep class com.spark.cesar.MainActivity { <init>(); }
-keep class io.flutter.plugins.imagepicker.ImagePickerFileProvider { <init>(); }
-keep class io.flutter.plugins.urllauncher.WebViewActivity { <init>(); }
-keep class android.widget.Space { <init>(android.content.Context, android.util.AttributeSet); }

-keep class androidx.appcompat.app.AlertController$RecycleListView { <init>(android.content.Context, android.util.AttributeSet); }

-keep class androidx.appcompat.view.menu.ActionMenuItemView { <init>(android.content.Context, android.util.AttributeSet); }

-keep class androidx.appcompat.view.menu.ExpandedMenuView { <init>(android.content.Context, android.util.AttributeSet); }

-keep class androidx.appcompat.view.menu.ListMenuItemView { <init>(android.content.Context, android.util.AttributeSet); }

-keep class androidx.appcompat.widget.ActionBarContainer { <init>(android.content.Context, android.util.AttributeSet); }

-keep class androidx.appcompat.widget.ActionBarContextView { <init>(android.content.Context, android.util.AttributeSet); }

-keep class androidx.appcompat.widget.ActionBarOverlayLayout { <init>(android.content.Context, android.util.AttributeSet); }

-keep class androidx.appcompat.widget.ActionMenuView { <init>(android.content.Context, android.util.AttributeSet); }

-keep class androidx.appcompat.widget.ActivityChooserView$InnerLayout { <init>(android.content.Context, android.util.AttributeSet); }

-keep class androidx.appcompat.widget.AlertDialogLayout { <init>(android.content.Context, android.util.AttributeSet); }

-keep class androidx.appcompat.widget.ButtonBarLayout { <init>(android.content.Context, android.util.AttributeSet); }

-keep class androidx.appcompat.widget.ContentFrameLayout { <init>(android.content.Context, android.util.AttributeSet); }

-keep class androidx.appcompat.widget.DialogTitle { <init>(android.content.Context, android.util.AttributeSet); }

-keep class androidx.appcompat.widget.FitWindowsFrameLayout { <init>(android.content.Context, android.util.AttributeSet); }

-keep class androidx.appcompat.widget.FitWindowsLinearLayout { <init>(android.content.Context, android.util.AttributeSet); }

-keep class androidx.appcompat.widget.SearchView$SearchAutoComplete { <init>(android.content.Context, android.util.AttributeSet); }

-keep class androidx.appcompat.widget.SwitchCompat { <init>(android.content.Context, android.util.AttributeSet); }

-keep class androidx.appcompat.widget.Toolbar { <init>(android.content.Context, android.util.AttributeSet); }

-keep class androidx.appcompat.widget.ViewStubCompat { <init>(android.content.Context, android.util.AttributeSet); }

-keep class androidx.browser.browseractions.BrowserActionsFallbackMenuView { <init>(android.content.Context, android.util.AttributeSet); }

-keep class androidx.core.widget.NestedScrollView { <init>(android.content.Context, android.util.AttributeSet); }

-keep class androidx.preference.UnPressableLinearLayout { <init>(android.content.Context, android.util.AttributeSet); }

-keep class androidx.preference.internal.PreferenceImageView { <init>(android.content.Context, android.util.AttributeSet); }

-keep class androidx.recyclerview.widget.RecyclerView { <init>(android.content.Context, android.util.AttributeSet); }