android/app/build/outputs/mapping/release/seeds.txt
androidx.core.content.res.ResourcesCompat$Api23Impl: android.content.res.ColorStateList getColorStateList(android.content.res.Resources,int,android.content.res.Resources$Theme)
androidx.core.view.MenuItemCompat$Api26Impl: android.view.MenuItem setIconTintList(android.view.MenuItem,android.content.res.ColorStateList)
androidx.recyclerview.widget.RecyclerView: boolean getPreserveFocusAfterLayout()
androidx.appcompat.widget.Toolbar: java.lang.CharSequence getLogoDescription()
androidx.appcompat.widget.SearchView: int getMaxWidth()
androidx.appcompat.widget.SwitchCompat: void setTextOff(java.lang.CharSequence)
androidx.core.view.ViewCompat$Api28Impl: void addOnUnhandledKeyEventListener(android.view.View,androidx.core.view.ViewCompat$OnUnhandledKeyEventListenerCompat)
io.flutter.embedding.engine.FlutterJNI: void loadLibrary(android.content.Context)
androidx.preference.PreferenceScreen: PreferenceScreen(android.content.Context,android.util.AttributeSet)
io.flutter.embedding.engine.FlutterJNI: void onSurfaceDestroyed()
androidx.appcompat.view.menu.ActionMenuItemView: void setPopupCallback(androidx.appcompat.view.menu.ActionMenuItemView$PopupCallback)
io.flutter.embedding.engine.renderer.FlutterRenderer$ImageReaderSurfaceProducer: io.flutter.embedding.engine.renderer.FlutterRenderer$ImageReaderSurfaceProducer$PerImageReader access$700(io.flutter.embedding.engine.renderer.FlutterRenderer$ImageReaderSurfaceProducer)
io.flutter.embedding.engine.FlutterJNI: void nativeDestroy(long)
androidx.appcompat.widget.SearchView: void setSuggestionsAdapter(androidx.cursoradapter.widget.CursorAdapter)
io.flutter.view.TextureRegistry$SurfaceProducer: long id()
androidx.core.widget.NestedScrollView: float getBottomFadingEdgeStrength()
androidx.appcompat.widget.SwitchCompat: int getSwitchPadding()
androidx.appcompat.widget.SwitchCompat: void setThumbDrawable(android.graphics.drawable.Drawable)
androidx.window.area.reflectionguard.ExtensionWindowAreaPresentationRequirements: void setPresentationView(android.view.View)
androidx.core.view.MenuItemCompat$Api26Impl: android.graphics.PorterDuff$Mode getIconTintMode(android.view.MenuItem)
io.flutter.embedding.engine.FlutterJNI: void nativeRunBundleAndSnapshotFromLibrary(long,java.lang.String,java.lang.String,java.lang.String,android.content.res.AssetManager,java.util.List)
io.flutter.plugins.urllauncher.UrlLauncherPlugin: UrlLauncherPlugin()
androidx.core.widget.TextViewCompat$Api23Impl: android.graphics.PorterDuff$Mode getCompoundDrawableTintMode(android.widget.TextView)
androidx.core.widget.EdgeEffectCompat$Api21Impl: void onPull(android.widget.EdgeEffect,float,float)
androidx.core.view.ViewCompat$Api26Impl: boolean restoreDefaultFocus(android.view.View)
androidx.core.view.WindowInsetsCompat$Impl21: void setStableInsets(androidx.core.graphics.Insets)
io.flutter.view.TextureRegistry$SurfaceTextureEntry: long id()
io.flutter.embedding.engine.FlutterJNI: void setViewportMetrics(float,int,int,int,int,int,int,int,int,int,int,int,int,int,int,int,int[],int[],int[])
androidx.appcompat.view.menu.ListMenuItemView: void setForceShowIcon(boolean)
androidx.core.view.WindowInsetsCompat$Impl20: WindowInsetsCompat$Impl20(androidx.core.view.WindowInsetsCompat,android.view.WindowInsets)
androidx.appcompat.widget.SwitchCompat: android.content.res.ColorStateList getTrackTintList()
androidx.appcompat.widget.LinearLayoutCompat: void setGravity(int)
androidx.appcompat.widget.AppCompatTextView: void setLineHeight(int)
io.flutter.embedding.engine.renderer.FlutterRenderer$ImageReaderSurfaceProducer: FlutterRenderer$ImageReaderSurfaceProducer(io.flutter.embedding.engine.renderer.FlutterRenderer,long)
io.flutter.embedding.engine.FlutterJNI: boolean nativeFlutterTextUtilsIsRegionalIndicator(int)
androidx.core.view.ViewCompat$Api21Impl$1: ViewCompat$Api21Impl$1(android.view.View,androidx.core.view.OnApplyWindowInsetsListener)
androidx.vectordrawable.graphics.drawable.VectorDrawableCompat$VGroup: float getPivotX()