android/app/build/outputs/mapping/release/usage.txt
com.example.classic_eccomerce.MainActivity
...
kotlin.text.TypeAliasesKt
kotlin.text.Typography
kotlin.text.UHexExtensionsKt
kotlin.text.UStringsKt
kotlin.text._OneToManyTitlecaseMappingsKt
kotlin.text.jdk8.RegexExtensionsJDK8Kt
kotlin.time.AbstractDoubleTimeSource$DoubleTimeMark
kotlin.time.AbstractDoubleTimeSource
kotlin.time.AbstractLongTimeSource$LongTimeMark
kotlin.time.AbstractLongTimeSource$zero$2
kotlin.time.AbstractLongTimeSource
kotlin.time.AdjustedTimeMark
kotlin.time.ComparableTimeMark$DefaultImpls
kotlin.time.ComparableTimeMark
kotlin.time.Duration$Companion
kotlin.time.Duration
kotlin.time.DurationJvmKt
kotlin.time.DurationKt
kotlin.time.DurationUnit
kotlin.time.DurationUnitKt
kotlin.time.DurationUnitKt__DurationUnitJvmKt$WhenMappings
kotlin.time.DurationUnitKt__DurationUnitJvmKt
kotlin.time.DurationUnitKt__DurationUnitKt$WhenMappings
kotlin.time.DurationUnitKt__DurationUnitKt
kotlin.time.ExperimentalTime
kotlin.time.LongSaturatedMathKt
kotlin.time.MeasureTimeKt
kotlin.time.MonoTimeSourceKt
kotlin.time.MonotonicTimeSource
kotlin.time.TestTimeSource
kotlin.time.TimeMark$DefaultImpls
kotlin.time.TimeMark
kotlin.time.TimeSource$Companion
kotlin.time.TimeSource$Monotonic$ValueTimeMark
kotlin.time.TimeSource$Monotonic
kotlin.time.TimeSource$WithComparableMarks
kotlin.time.TimeSource
kotlin.time.TimedValue
kotlin.time.jdk8.DurationConversionsJDK8Kt
kotlinx.android.extensions.CacheImplementation$Companion
kotlinx.android.extensions.CacheImplementation
kotlinx.android.extensions.ContainerOptions
kotlinx.android.extensions.LayoutContainer
kotlinx.android.parcel.IgnoredOnParcel
kotlinx.android.parcel.Parceler$DefaultImpls
kotlinx.android.parcel.Parceler
kotlinx.android.parcel.Parcelize
kotlinx.android.parcel.RawValue
kotlinx.android.parcel.TypeParceler$Container
kotlinx.android.parcel.TypeParceler
kotlinx.android.parcel.WriteWith
kotlinx.coroutines.AbstractCoroutine
kotlinx.coroutines.AbstractTimeSource
kotlinx.coroutines.AbstractTimeSourceKt
kotlinx.coroutines.Active
kotlinx.coroutines.AwaitAll$AwaitAllNode
kotlinx.coroutines.AwaitAll$DisposeHandlersOnCancel
kotlinx.coroutines.AwaitAll
kotlinx.coroutines.AwaitKt$joinAll$1
kotlinx.coroutines.AwaitKt$joinAll$3
kotlinx.coroutines.AwaitKt
kotlinx.coroutines.BlockingCoroutine
kotlinx.coroutines.BlockingEventLoop
kotlinx.coroutines.BuildersKt
kotlinx.coroutines.BuildersKt__BuildersKt
kotlinx.coroutines.BuildersKt__Builders_commonKt
kotlinx.coroutines.CancelFutureOnCancel
kotlinx.coroutines.CancelFutureOnCompletion
kotlinx.coroutines.CancelHandler
kotlinx.coroutines.CancelHandlerBase
kotlinx.coroutines.CancellableContinuation$DefaultImpls
kotlinx.coroutines.CancellableContinuation
kotlinx.coroutines.CancellableContinuationImpl
kotlinx.coroutines.CancellableContinuationImplKt
kotlinx.coroutines.CancellableContinuationKt
kotlinx.coroutines.CancelledContinuation
kotlinx.coroutines.ChildContinuation
kotlinx.coroutines.ChildHandle$DefaultImpls
kotlinx.coroutines.ChildHandle
kotlinx.coroutines.ChildHandleNode
kotlinx.coroutines.ChildJob$DefaultImpls
kotlinx.coroutines.ChildJob
kotlinx.coroutines.CompletableDeferred$DefaultImpls
kotlinx.coroutines.CompletableDeferred
kotlinx.coroutines.CompletableDeferredImpl
kotlinx.coroutines.CompletableDeferredKt
kotlinx.coroutines.CompletableJob$DefaultImpls
kotlinx.coroutines.CompletableJob
kotlinx.coroutines.CompletedContinuation
kotlinx.coroutines.CompletedExceptionally
kotlinx.coroutines.CompletedWithCancellation
kotlinx.coroutines.CompletionHandlerBase
kotlinx.coroutines.CompletionHandlerException
kotlinx.coroutines.CompletionHandlerKt
kotlinx.coroutines.CompletionHandler_commonKt
kotlinx.coroutines.CompletionStateKt
kotlinx.coroutines.CopyableThreadContextElement$DefaultImpls
kotlinx.coroutines.CopyableThreadContextElement
kotlinx.coroutines.CopyableThrowable
kotlinx.coroutines.CoroutineContextKt$foldCopies$1
kotlinx.coroutines.CoroutineContextKt$foldCopies$folded$1
kotlinx.coroutines.CoroutineContextKt$hasCopyableElements$1
kotlinx.coroutines.CoroutineContextKt